[2015-06-29 12:57:19] request.ERROR: Uncaught PHP Exception Symfony\Component\HttpKernel\Exception\NotFoundHttpException: "No route found for "GET /api/user/create_user"" at /var/www/html/alter_souls/app/cache/prod/classes.php line 2480 {"exception":"[object] (Symfony\\Component\\HttpKernel\\Exception\\NotFoundHttpException(code: 0): No route found for \"GET /api/user/create_user\" at /var/www/html/alter_souls/app/cache/prod/classes.php:2480, Symfony\\Component\\Routing\\Exception\\ResourceNotFoundException(code: 0):  at /var/www/html/alter_souls/app/cache/prod/appProdUrlMatcher.php:49)"} []
[2015-06-29 12:57:34] request.ERROR: Uncaught PHP Exception Symfony\Component\HttpKernel\Exception\NotFoundHttpException: "No route found for "GET /api/user/create"" at /var/www/html/alter_souls/app/cache/prod/classes.php line 2480 {"exception":"[object] (Symfony\\Component\\HttpKernel\\Exception\\NotFoundHttpException(code: 0): No route found for \"GET /api/user/create\" at /var/www/html/alter_souls/app/cache/prod/classes.php:2480, Symfony\\Component\\Routing\\Exception\\ResourceNotFoundException(code: 0):  at /var/www/html/alter_souls/app/cache/prod/appProdUrlMatcher.php:49)"} []
[2015-06-29 12:59:05] request.INFO: Matched route "create_user". {"route_parameters":{"_controller":"Alterd\\Controller\\Api\\UsersController::createUserAction","_route":"create_user"},"request_uri":"http://localhost/alter_souls/web/api/user/create"} []
[2015-06-29 12:59:05] security.INFO: Populated the TokenStorage with an anonymous Token. [] []
[2015-06-29 12:59:05] request.CRITICAL: Uncaught PHP Exception ReflectionException: "Class Alterd\Controller\Api\Request does not exist" at /var/www/html/alter_souls/vendor/sensio/framework-extra-bundle/EventListener/ParamConverterListener.php line 83 {"exception":"[object] (ReflectionException(code: 0): Class Alterd\\Controller\\Api\\Request does not exist at /var/www/html/alter_souls/vendor/sensio/framework-extra-bundle/EventListener/ParamConverterListener.php:83)"} []
[2015-06-29 13:11:57] request.ERROR: Uncaught PHP Exception Symfony\Component\HttpKernel\Exception\NotFoundHttpException: "No route found for "POST /localhost/alter_souls/web/api/users/create" (from "http://localhost/alter_souls/web/")" at /var/www/html/alter_souls/app/cache/prod/classes.php line 2480 {"exception":"[object] (Symfony\\Component\\HttpKernel\\Exception\\NotFoundHttpException(code: 0): No route found for \"POST /localhost/alter_souls/web/api/users/create\" (from \"http://localhost/alter_souls/web/\") at /var/www/html/alter_souls/app/cache/prod/classes.php:2480, Symfony\\Component\\Routing\\Exception\\ResourceNotFoundException(code: 0):  at /var/www/html/alter_souls/app/cache/prod/appProdUrlMatcher.php:49)"} []
[2015-06-29 13:12:19] request.ERROR: Uncaught PHP Exception Symfony\Component\HttpKernel\Exception\NotFoundHttpException: "No route found for "GET /localhost/alter_souls/web/api/users/create"" at /var/www/html/alter_souls/app/cache/prod/classes.php line 2480 {"exception":"[object] (Symfony\\Component\\HttpKernel\\Exception\\NotFoundHttpException(code: 0): No route found for \"GET /localhost/alter_souls/web/api/users/create\" at /var/www/html/alter_souls/app/cache/prod/classes.php:2480, Symfony\\Component\\Routing\\Exception\\ResourceNotFoundException(code: 0):  at /var/www/html/alter_souls/app/cache/prod/appProdUrlMatcher.php:49)"} []
[2015-06-29 13:13:32] request.ERROR: Uncaught PHP Exception Symfony\Component\HttpKernel\Exception\NotFoundHttpException: "No route found for "GET /localhost/alter_souls/web/api/users/create"" at /var/www/html/alter_souls/app/cache/prod/classes.php line 2480 {"exception":"[object] (Symfony\\Component\\HttpKernel\\Exception\\NotFoundHttpException(code: 0): No route found for \"GET /localhost/alter_souls/web/api/users/create\" at /var/www/html/alter_souls/app/cache/prod/classes.php:2480, Symfony\\Component\\Routing\\Exception\\ResourceNotFoundException(code: 0):  at /var/www/html/alter_souls/app/cache/prod/appProdUrlMatcher.php:49)"} []
[2015-06-29 13:13:33] request.ERROR: Uncaught PHP Exception Symfony\Component\HttpKernel\Exception\NotFoundHttpException: "No route found for "GET /localhost/alter_souls/web/api/users/create"" at /var/www/html/alter_souls/app/cache/prod/classes.php line 2480 {"exception":"[object] (Symfony\\Component\\HttpKernel\\Exception\\NotFoundHttpException(code: 0): No route found for \"GET /localhost/alter_souls/web/api/users/create\" at /var/www/html/alter_souls/app/cache/prod/classes.php:2480, Symfony\\Component\\Routing\\Exception\\ResourceNotFoundException(code: 0):  at /var/www/html/alter_souls/app/cache/prod/appProdUrlMatcher.php:49)"} []
[2015-06-29 13:13:36] request.ERROR: Uncaught PHP Exception Symfony\Component\HttpKernel\Exception\NotFoundHttpException: "No route found for "GET /localhost/alter_souls/web/api/users/create"" at /var/www/html/alter_souls/app/cache/prod/classes.php line 2480 {"exception":"[object] (Symfony\\Component\\HttpKernel\\Exception\\NotFoundHttpException(code: 0): No route found for \"GET /localhost/alter_souls/web/api/users/create\" at /var/www/html/alter_souls/app/cache/prod/classes.php:2480, Symfony\\Component\\Routing\\Exception\\ResourceNotFoundException(code: 0):  at /var/www/html/alter_souls/app/cache/prod/appProdUrlMatcher.php:49)"} []
[2015-06-29 13:13:46] request.ERROR: Uncaught PHP Exception Symfony\Component\HttpKernel\Exception\NotFoundHttpException: "No route found for "POST /localhost/alter_souls/web/api/users/create" (from "http://localhost/alter_souls/web/")" at /var/www/html/alter_souls/app/cache/prod/classes.php line 2480 {"exception":"[object] (Symfony\\Component\\HttpKernel\\Exception\\NotFoundHttpException(code: 0): No route found for \"POST /localhost/alter_souls/web/api/users/create\" (from \"http://localhost/alter_souls/web/\") at /var/www/html/alter_souls/app/cache/prod/classes.php:2480, Symfony\\Component\\Routing\\Exception\\ResourceNotFoundException(code: 0):  at /var/www/html/alter_souls/app/cache/prod/appProdUrlMatcher.php:49)"} []
[2015-06-29 13:14:01] request.INFO: Matched route "create_user". {"route_parameters":{"_controller":"Alterd\\Controller\\Api\\UsersController::createUserAction","_route":"create_user"},"request_uri":"http://localhost/alter_souls/web/api/users/create"} []
[2015-06-29 13:14:01] security.INFO: Populated the TokenStorage with an anonymous Token. [] []
[2015-06-29 13:14:01] php.CRITICAL: Fatal Error: Call to undefined method Symfony\Component\Form\Form::bindRequest() {"type":1,"file":"/var/www/html/alter_souls/src/Alterd/Controller/Api/UsersController.php","line":26,"level":6143,"stack":[]} []
[2015-06-29 13:14:01] request.CRITICAL: Uncaught PHP Exception Symfony\Component\Debug\Exception\UndefinedMethodException: "Attempted to call an undefined method named "bindRequest" of class "Symfony\Component\Form\Form"." at /var/www/html/alter_souls/src/Alterd/Controller/Api/UsersController.php line 26 {"exception":"[object] (Symfony\\Component\\Debug\\Exception\\UndefinedMethodException(code: 0): Attempted to call an undefined method named \"bindRequest\" of class \"Symfony\\Component\\Form\\Form\". at /var/www/html/alter_souls/src/Alterd/Controller/Api/UsersController.php:26)"} []
[2015-06-29 17:29:43] request.INFO: Matched route "create_user". {"route_parameters":{"_controller":"Alterd\\Controller\\Api\\UsersController::createUserAction","_route":"create_user"},"request_uri":"http://localhost/alter_souls/web/api/users/create"} []
[2015-06-29 17:29:43] security.INFO: Populated the TokenStorage with an anonymous Token. [] []
[2015-06-29 17:29:43] php.CRITICAL: Fatal Parse Error: syntax error, unexpected ')' {"type":4,"file":"/var/www/html/alter_souls/src/Alterd/Controller/Api/UsersController.php","line":19,"level":6143,"stack":[]} []
[2015-06-29 17:29:43] request.CRITICAL: Uncaught PHP Exception Symfony\Component\Debug\Exception\FatalErrorException: "Parse Error: syntax error, unexpected ')'" at /var/www/html/alter_souls/src/Alterd/Controller/Api/UsersController.php line 19 {"exception":"[object] (Symfony\\Component\\Debug\\Exception\\FatalErrorException(code: 0): Parse Error: syntax error, unexpected ')' at /var/www/html/alter_souls/src/Alterd/Controller/Api/UsersController.php:19)"} []
[2015-06-29 18:36:14] request.INFO: Matched route "create_user". {"route_parameters":{"_controller":"Alterd\\Controller\\Api\\UsersController::createUserAction","_route":"create_user"},"request_uri":"http://localhost/alter_souls/web/api/users/create"} []
[2015-06-29 18:36:14] security.INFO: Populated the TokenStorage with an anonymous Token. [] []
[2015-06-29 18:36:15] request.CRITICAL: Uncaught PHP Exception LogicException: "The controller must return a response (null given). Did you forget to add a return statement somewhere in your controller?" at /var/www/html/alter_souls/app/bootstrap.php.cache line 3106 {"exception":"[object] (LogicException(code: 0): The controller must return a response (null given). Did you forget to add a return statement somewhere in your controller? at /var/www/html/alter_souls/app/bootstrap.php.cache:3106)"} []
[2015-10-07 11:30:23] request.INFO: Matched route "create_user". {"route_parameters":{"_controller":"Alterd\\Controller\\Api\\UsersController::createUserAction","_route":"create_user"},"request_uri":"http://localhost/alter_souls/web/api/users/create"} []
[2015-10-07 11:30:23] security.INFO: Populated the TokenStorage with an anonymous Token. [] []
[2015-10-07 11:30:23] request.CRITICAL: Uncaught PHP Exception Doctrine\DBAL\DBALException: "An exception occurred while executing 'INSERT INTO character_sheets (uid, character_name, character_hp, character_en, character_str, character_agi, character_spd, character_int, character_wp, inventory_id, powers_id, skills_id, character_zodiac, character_father_name) VALUES (?, ?, ?, ?, ?, ?, ?, ?, ?, ?, ?, ?, ?, ?)' with params [4, null, null, null, null, null, null, null, null, null, null, null, null, null]:  SQLSTATE[23502]: Not null violation: 7 ERROR:  null value in column "character_name" violates not-null constraint DETAIL:  Failing row contains (1, 4, null, null, null, null, null, null, null, null, null, null, null, null, null)." at /var/www/html/alter_souls/vendor/doctrine/dbal/lib/Doctrine/DBAL/DBALException.php line 91 {"exception":"[object] (Doctrine\\DBAL\\DBALException(code: 0): An exception occurred while executing 'INSERT INTO character_sheets (uid, character_name, character_hp, character_en, character_str, character_agi, character_spd, character_int, character_wp, inventory_id, powers_id, skills_id, character_zodiac, character_father_name) VALUES (?, ?, ?, ?, ?, ?, ?, ?, ?, ?, ?, ?, ?, ?)' with params [4, null, null, null, null, null, null, null, null, null, null, null, null, null]:\n\nSQLSTATE[23502]: Not null violation: 7 ERROR:  null value in column \"character_name\" violates not-null constraint\nDETAIL:  Failing row contains (1, 4, null, null, null, null, null, null, null, null, null, null, null, null, null). at /var/www/html/alter_souls/vendor/doctrine/dbal/lib/Doctrine/DBAL/DBALException.php:91, PDOException(code: 23502): SQLSTATE[23502]: Not null violation: 7 ERROR:  null value in column \"character_name\" violates not-null constraint\nDETAIL:  Failing row contains (1, 4, null, null, null, null, null, null, null, null, null, null, null, null, null). at /var/www/html/alter_souls/vendor/doctrine/dbal/lib/Doctrine/DBAL/Statement.php:165)"} []
[2015-10-07 11:37:42] request.INFO: Matched route "create_user". {"route_parameters":{"_controller":"Alterd\\Controller\\Api\\UsersController::createUserAction","_route":"create_user"},"request_uri":"http://localhost/alter_souls/web/api/users/create"} []
[2015-10-07 11:37:42] security.INFO: Populated the TokenStorage with an anonymous Token. [] []
[2015-10-07 11:37:42] request.CRITICAL: Uncaught PHP Exception Doctrine\DBAL\DBALException: "An exception occurred while executing 'INSERT INTO character_sheets (uid, character_name, character_hp, character_en, character_str, character_agi, character_spd, character_int, character_wp, inventory_id, powers_id, skills_id, character_zodiac, character_father_name) VALUES (?, ?, ?, ?, ?, ?, ?, ?, ?, ?, ?, ?, ?, ?)' with params [5, "2", null, null, null, null, null, null, null, null, null, null, null, "2 Senior"]:  SQLSTATE[23502]: Not null violation: 7 ERROR:  null value in column "character_hp" violates not-null constraint DETAIL:  Failing row contains (2, 5, 2, null, null, null, null, null, null, null, null, null, null, null, 2 Senior)." at /var/www/html/alter_souls/vendor/doctrine/dbal/lib/Doctrine/DBAL/DBALException.php line 91 {"exception":"[object] (Doctrine\\DBAL\\DBALException(code: 0): An exception occurred while executing 'INSERT INTO character_sheets (uid, character_name, character_hp, character_en, character_str, character_agi, character_spd, character_int, character_wp, inventory_id, powers_id, skills_id, character_zodiac, character_father_name) VALUES (?, ?, ?, ?, ?, ?, ?, ?, ?, ?, ?, ?, ?, ?)' with params [5, \"2\", null, null, null, null, null, null, null, null, null, null, null, \"2 Senior\"]:\n\nSQLSTATE[23502]: Not null violation: 7 ERROR:  null value in column \"character_hp\" violates not-null constraint\nDETAIL:  Failing row contains (2, 5, 2, null, null, null, null, null, null, null, null, null, null, null, 2 Senior). at /var/www/html/alter_souls/vendor/doctrine/dbal/lib/Doctrine/DBAL/DBALException.php:91, PDOException(code: 23502): SQLSTATE[23502]: Not null violation: 7 ERROR:  null value in column \"character_hp\" violates not-null constraint\nDETAIL:  Failing row contains (2, 5, 2, null, null, null, null, null, null, null, null, null, null, null, 2 Senior). at /var/www/html/alter_souls/vendor/doctrine/dbal/lib/Doctrine/DBAL/Statement.php:165)"} []
[2015-10-07 11:42:51] request.INFO: Matched route "create_user". {"route_parameters":{"_controller":"Alterd\\Controller\\Api\\UsersController::createUserAction","_route":"create_user"},"request_uri":"http://localhost/alter_souls/web/api/users/create"} []
[2015-10-07 11:42:51] security.INFO: Populated the TokenStorage with an anonymous Token. [] []
[2015-10-07 11:42:51] request.CRITICAL: Uncaught PHP Exception Doctrine\DBAL\DBALException: "An exception occurred while executing 'INSERT INTO character_sheets (uid, character_name, character_hp, character_en, character_str, character_agi, character_spd, character_int, character_wp, inventory_id, powers_id, skills_id, character_zodiac, character_father_name) VALUES (?, ?, ?, ?, ?, ?, ?, ?, ?, ?, ?, ?, ?, ?)' with params [6, "z", null, null, null, null, null, null, null, null, null, null, null, "y"]:  SQLSTATE[23502]: Not null violation: 7 ERROR:  null value in column "character_hp" violates not-null constraint DETAIL:  Failing row contains (3, 6, z, null, null, null, null, null, null, null, null, null, null, null, y)." at /var/www/html/alter_souls/vendor/doctrine/dbal/lib/Doctrine/DBAL/DBALException.php line 91 {"exception":"[object] (Doctrine\\DBAL\\DBALException(code: 0): An exception occurred while executing 'INSERT INTO character_sheets (uid, character_name, character_hp, character_en, character_str, character_agi, character_spd, character_int, character_wp, inventory_id, powers_id, skills_id, character_zodiac, character_father_name) VALUES (?, ?, ?, ?, ?, ?, ?, ?, ?, ?, ?, ?, ?, ?)' with params [6, \"z\", null, null, null, null, null, null, null, null, null, null, null, \"y\"]:\n\nSQLSTATE[23502]: Not null violation: 7 ERROR:  null value in column \"character_hp\" violates not-null constraint\nDETAIL:  Failing row contains (3, 6, z, null, null, null, null, null, null, null, null, null, null, null, y). at /var/www/html/alter_souls/vendor/doctrine/dbal/lib/Doctrine/DBAL/DBALException.php:91, PDOException(code: 23502): SQLSTATE[23502]: Not null violation: 7 ERROR:  null value in column \"character_hp\" violates not-null constraint\nDETAIL:  Failing row contains (3, 6, z, null, null, null, null, null, null, null, null, null, null, null, y). at /var/www/html/alter_souls/vendor/doctrine/dbal/lib/Doctrine/DBAL/Statement.php:165)"} []
